#
# A fatal error has been detected by the Java Runtime Environment:
#
#  SIGSEGV (0xb) at pc=0x00007fa8f3e80894, pid=19344, tid=0x00007fa8efe7d700
#
# JRE version: Java(TM) SE Runtime Environment (8.0_111-b14) (build 1.8.0_111-b14)
# Java VM: Java HotSpot(TM) 64-Bit Server VM (25.111-b14 mixed mode linux-amd64 compressed oops)
# Problematic frame:
# C  [libopencv_java300.so+0x8c7894]  cv::imdecode_(cv::Mat const&, int, int, cv::Mat*)+0x4d4
#
# Failed to write core dump. Core dumps have been disabled. To enable core dumping, try "ulimit -c unlimited" before starting Java again
#
# If you would like to submit a bug report, please visit:
#   http://bugreport.java.com/bugreport/crash.jsp
# The crash happened outside the Java Virtual Machine in native code.
# See problematic frame for where to report the bug.
#

---------------  T H R E A D  ---------------

Current thread (0x00007fa94c358800):  JavaThread "Thread-3" [_thread_in_native, id=19376, stack(0x00007fa8efd7d000,0x00007fa8efe7e000)]

siginfo: si_signo: 11 (SIGSEGV), si_code: 128 (SI_KERNEL), si_addr: 0x0000000000000000

Registers:
RAX=0x70616d656e6f545f, RBX=0x0000000000000000, RCX=0x0000000000000002, RDX=0x00007fa94c33a480
RSP=0x00007fa8efe7c4e0, RBP=0x0000000000000000, RSI=0x00000000ffffffff, RDI=0x00007fa94c33aab0
R8 =0xffff8057e3652e40, R9 =0xffff8057e3652e30, R10=0x00007fa93d7895c4, R11=0x0000000020019955
R12=0x00007fa8efe7c6c0, R13=0x00007fa8efe7c550, R14=0x00007fa8efe7c780, R15=0x00007fa8efe7c500
RIP=0x00007fa8f3e80894, EFLAGS=0x0000000000010246, CSGSFS=0x0000000000000033, ERR=0x0000000000000000
  TRAPNO=0x000000000000000d

Top of Stack: (sp=0x00007fa8efe7c4e0)
0x00007fa8efe7c4e0:   00007fa93a9f5530 ffffffff00000002
0x00007fa8efe7c4f0:   0000000000000000 0000000000000000
0x00007fa8efe7c500:   0000000000000000 0000000000000000
0x00007fa8efe7c510:   00007fa90832a700 00007fa90832a610
0x00007fa8efe7c520:   0000000000000000 00007fa9539f6c51
0x00007fa8efe7c530:   00000000ebe3a768 00000000ebe3a780
0x00007fa8efe7c540:   00000140000000f0 00007fa93a9f5530
0x00007fa8efe7c550:   0000000042ff0000 0000000000000000
0x00007fa8efe7c560:   0000000000000000 0000000000000000
0x00007fa8efe7c570:   0000000000000000 0000000000000000
0x00007fa8efe7c580:   0000000000000000 0000000000000000
0x00007fa8efe7c590:   00007fa8efe7c558 00007fa8efe7c5a0
0x00007fa8efe7c5a0:   0000000000000000 0000000000000000
0x00007fa8efe7c5b0:   00007fa8efe7c610 00007fa8efe7c7e0
0x00007fa8efe7c5c0:   00007fa8efe7c650 00007fa94c358800
0x00007fa8efe7c5d0:   00007fa8efe7c740 00007fa9528a8385
0x00007fa8efe7c5e0:   00007fa900000001 00007fa908000020
0x00007fa8efe7c5f0:   00007fa908000020 00000000000016c0
0x00007fa8efe7c600:   0000000000001692 000000000000000b
0x00007fa8efe7c610:   00007fa8f575bad0 00007fa9532893be
0x00007fa8efe7c620:   00007fa900000066 00000000000016aa
0x00007fa8efe7c630:   00007fa8efe7c6a0 0000000000000000
0x00007fa8efe7c640:   0000000000000000 00007fa8efe7c7e0
0x00007fa8efe7c650:   ffff805700000006 0000000000000050
0x00007fa8efe7c660:   00007fa8efe7c6d0 0000008b0000016c
0x00007fa8efe7c670:   00007fa94c358800 07de7eb2026d2600
0x00007fa8efe7c680:   00007fa94c358800 00007fa8efe7c780
0x00007fa8efe7c690:   00007fa8efe7c6c0 00007fa8efe7c760
0x00007fa8efe7c6a0:   00000000ffffffff 00007fa8efe7c850
0x00007fa8efe7c6b0:   00007fa94c358800 00007fa8f3e82367
0x00007fa8efe7c6c0:   0000000242ff4000 0000000100001692
0x00007fa8efe7c6d0:   00007fa908a099c0 00007fa908a099c0 

Instructions: (pc=0x00007fa8f3e80894)
0x00007fa8f3e80874:   c1 f8 04 48 85 c0 74 40 31 ed 66 90 48 89 e8 4c
0x00007fa8f3e80884:   8d 7c 24 20 48 c1 e0 04 48 8b 7c 02 08 48 8b 07
0x00007fa8f3e80894:   ff 50 40 48 39 c3 48 8b 15 ff 31 97 01 48 0f 42
0x00007fa8f3e808a4:   d8 48 8b 05 fc 31 97 01 48 83 c5 01 48 29 d0 48 

Register to memory mapping:

RAX=0x70616d656e6f545f is an unknown value
RBX=0x0000000000000000 is an unknown value
RCX=0x0000000000000002 is an unknown value
RDX=0x00007fa94c33a480 is an unknown value
RSP=0x00007fa8efe7c4e0 is pointing into the stack for thread: 0x00007fa94c358800
RBP=0x0000000000000000 is an unknown value
RSI=0x00000000ffffffff is an unallocated location in the heap
RDI=0x00007fa94c33aab0 is an unknown value
R8 =0xffff8057e3652e40 is an unknown value
R9 =0xffff8057e3652e30 is an unknown value
R10=0x00007fa93d7895c4 is at entry_point+68 in (nmethod*)0x00007fa93d789410
R11=0x0000000020019955 is an unknown value
R12=0x00007fa8efe7c6c0 is pointing into the stack for thread: 0x00007fa94c358800
R13=0x00007fa8efe7c550 is pointing into the stack for thread: 0x00007fa94c358800
R14=0x00007fa8efe7c780 is pointing into the stack for thread: 0x00007fa94c358800
R15=0x00007fa8efe7c500 is pointing into the stack for thread: 0x00007fa94c358800


Stack: [0x00007fa8efd7d000,0x00007fa8efe7e000],  sp=0x00007fa8efe7c4e0,  free space=1021k
Native frames: (J=compiled Java code, j=interpreted, Vv=VM code, C=native code)
C  [libopencv_java300.so+0x8c7894]  cv::imdecode_(cv::Mat const&, int, int, cv::Mat*)+0x4d4

Java frames: (J=compiled Java code, j=interpreted, Vv=VM code)
J 4669  org.opencv.imgcodecs.Imgcodecs.imdecode_0(JI)J (0 bytes) @ 0x00007fa93d7895c4 [0x00007fa93d789580+0x44]
J 4673 C2 edu.flash3388.flashlib.dashboard.Dashboard$$Lambda$60.run()V (4 bytes) @ 0x00007fa93d5cf858 [0x00007fa93d5cf620+0x238]
J 4316 C2 edu.flash3388.flashlib.robot.Scheduler.run()V (187 bytes) @ 0x00007fa93dd3deb0 [0x00007fa93dd3dba0+0x310]
j  edu.flash3388.flashlib.dashboard.Dashboard$Updater.lambda$0()V+29
j  edu.flash3388.flashlib.dashboard.Dashboard$Updater$$Lambda$55.run()V+4
j  java.lang.Thread.run()V+11
v  ~StubRoutines::call_stub

---------------  P R O C E S S  ---------------

Java Threads: ( => current thread )
  0x00007fa91c002800 JavaThread "SIGTERM handler" daemon [_thread_in_vm, id=19404, stack(0x00007fa939168000,0x00007fa939269000)]
  0x00007fa90c1af800 JavaThread "Java2D Disposer" daemon [_thread_blocked, id=19382, stack(0x00007fa8edc5b000,0x00007fa8edd5c000)]
  0x00007fa8fd9dc000 JavaThread "Prism Font Disposer" daemon [_thread_blocked, id=19380, stack(0x00007fa8ee4c2000,0x00007fa8ee5c3000)]
  0x00007fa90831c000 JavaThread "Thread-5" [_thread_in_native, id=19379, stack(0x00007fa8eec58000,0x00007fa8eed59000)]
  0x00007fa908316800 JavaThread "Robot-Communications" [_thread_in_native, id=19378, stack(0x00007fa8eed59000,0x00007fa8eee5a000)]
  0x00007fa94c391800 JavaThread "JavaFX-Launcher" [_thread_blocked, id=19377, stack(0x00007fa8efa7c000,0x00007fa8efb7d000)]
=>0x00007fa94c358800 JavaThread "Thread-3" [_thread_in_native, id=19376, stack(0x00007fa8efd7d000,0x00007fa8efe7e000)]
  0x00007fa94c244800 JavaThread "JavaFX Application Thread" [_thread_blocked, id=19374, stack(0x00007fa8f57fa000,0x00007fa8f58fb000)]
  0x00007fa94c240000 JavaThread "Thread-1" daemon [_thread_blocked, id=19373, stack(0x00007fa8f58fb000,0x00007fa8f59fc000)]
  0x00007fa94c1a1000 JavaThread "QuantumRenderer-0" daemon [_thread_blocked, id=19372, stack(0x00007fa938bcd000,0x00007fa938cce000)]
  0x00007fa94c0cc800 JavaThread "Service Thread" daemon [_thread_blocked, id=19369, stack(0x00007fa938e65000,0x00007fa938f66000)]
  0x00007fa94c0c9800 JavaThread "C1 CompilerThread1" daemon [_thread_blocked, id=19368, stack(0x00007fa938f66000,0x00007fa939067000)]
  0x00007fa94c0c6800 JavaThread "C2 CompilerThread0" daemon [_thread_blocked, id=19367, stack(0x00007fa939067000,0x00007fa939168000)]
  0x00007fa94c0c4800 JavaThread "JDWP Event Helper Thread" daemon [_thread_blocked, id=19362, stack(0x00007fa939269000,0x00007fa93936a000)]
  0x00007fa94c0c1000 JavaThread "JDWP Transport Listener: dt_socket" daemon [_thread_in_native, id=19359, stack(0x00007fa93936a000,0x00007fa93946b000)]
  0x00007fa94c0b4800 JavaThread "Signal Dispatcher" daemon [_thread_blocked, id=19357, stack(0x00007fa93966f000,0x00007fa939770000)]
  0x00007fa94c082000 JavaThread "Finalizer" daemon [_thread_blocked, id=19356, stack(0x00007fa939770000,0x00007fa939871000)]
  0x00007fa94c07d800 JavaThread "Reference Handler" daemon [_thread_blocked, id=19355, stack(0x00007fa939871000,0x00007fa939972000)]
  0x00007fa94c00c800 JavaThread "main" [_thread_blocked, id=19346, stack(0x00007fa953d02000,0x00007fa953e03000)]

Other Threads:
  0x00007fa94c076000 VMThread [stack: 0x00007fa939972000,0x00007fa939a73000] [id=19354]
  0x00007fa94c0cf800 WatcherThread [stack: 0x00007fa938d64000,0x00007fa938e65000] [id=19371]

VM state:not at safepoint (normal execution)

VM Mutex/Monitor currently owned by a thread:  ([mutex/lock_event])
[0x00007fa94c0088f0] Threads_lock - owner thread: 0x00007fa91c002800

Heap:
 PSYoungGen      total 117248K, used 30435K [0x00000000ebe00000, 0x00000000f6080000, 0x0000000100000000)
  eden space 88064K, 6% used [0x00000000ebe00000,0x00000000ec393360,0x00000000f1400000)
  from space 29184K, 84% used [0x00000000f1400000,0x00000000f2c25978,0x00000000f3080000)
  to   space 31744K, 0% used [0x00000000f4180000,0x00000000f4180000,0x00000000f6080000)
 ParOldGen       total 38912K, used 24297K [0x00000000c3a00000, 0x00000000c6000000, 0x00000000ebe00000)
  object space 38912K, 62% used [0x00000000c3a00000,0x00000000c51ba480,0x00000000c6000000)
 Metaspace       used 25074K, capacity 26590K, committed 26752K, reserved 1073152K
  class space    used 3393K, capacity 3702K, committed 3712K, reserved 1048576K

Card table byte_map: [0x00007fa9501a3000,0x00007fa950387000] byte_map_base: 0x00007fa94fb86000

Marking Bits: (ParMarkBitMap*) 0x00007fa9531db220
 Begin Bits: [0x00007fa93afce000, 0x00007fa93bee6000)
 End Bits:   [0x00007fa93bee6000, 0x00007fa93cdfe000)

Polling page: 0x00007fa953e2a000

CodeCache: size=245760Kb used=14414Kb max_used=14505Kb free=231345Kb
 bounds [0x00007fa93d000000, 0x00007fa93de40000, 0x00007fa94c000000]
 total_blobs=5096 nmethods=4328 adapters=689
 compilation: enabled

Compilation events (10 events):
Event: 48.757 Thread 0x00007fa94c0c9800 4697       3       java.awt.image.BufferedImage$1::run (5 bytes)
Event: 48.758 Thread 0x00007fa94c0c9800 nmethod 4697 0x00007fa93d6b8810 code [0x00007fa93d6b8980, 0x00007fa93d6b8b88]
Event: 48.758 Thread 0x00007fa94c0c9800 4698       3       java.awt.image.BufferedImage$1::run (48 bytes)
Event: 48.761 Thread 0x00007fa94c0c9800 nmethod 4698 0x00007fa93da3d2d0 code [0x00007fa93da3d680, 0x00007fa93da3fe38]
Event: 48.761 Thread 0x00007fa94c0c9800 4701   !   3       com.sun.javafx.iio.jpeg.JPEGImageLoader::<init> (81 bytes)
Event: 48.762 Thread 0x00007fa94c0c9800 nmethod 4701 0x00007fa93d5fb850 code [0x00007fa93d5fbaa0, 0x00007fa93d5fc5b8]
Event: 48.762 Thread 0x00007fa94c0c9800 4702       3       com.sun.javafx.iio.jpeg.JPEGImageLoader$Lock::<init> (10 bytes)
Event: 48.762 Thread 0x00007fa94c0c9800 nmethod 4702 0x00007fa93d9838d0 code [0x00007fa93d983a40, 0x00007fa93d983bf0]
Event: 48.762 Thread 0x00007fa94c0c9800 4704       3       com.sun.javafx.iio.jpeg.JPEGImageLoader::setInputAttributes (215 bytes)
Event: 48.762 Thread 0x00007fa94c0c9800 nmethod 4704 0x00007fa93d858ad0 code [0x00007fa93d858c60, 0x00007fa93d858ff0]

GC Heap History (10 events):
Event: 28.491 GC heap before
{Heap before GC invocations=12 (full 1):
 PSYoungGen      total 88576K, used 83477K [0x00000000ebe00000, 0x00000000f2d80000, 0x0000000100000000)
  eden space 67584K, 100% used [0x00000000ebe00000,0x00000000f0000000,0x00000000f0000000)
  from space 20992K, 75% used [0x00000000f1580000,0x00000000f2505778,0x00000000f2a00000)
  to   space 22016K, 0% used [0x00000000f0000000,0x00000000f0000000,0x00000000f1580000)
 ParOldGen       total 38912K, used 24257K [0x00000000c3a00000, 0x00000000c6000000, 0x00000000ebe00000)
  object space 38912K, 62% used [0x00000000c3a00000,0x00000000c51b0480,0x00000000c6000000)
 Metaspace       used 24675K, capacity 26178K, committed 26240K, reserved 1071104K
  class space    used 3386K, capacity 3698K, committed 3712K, reserved 1048576K
Event: 28.504 GC heap after
Heap after GC invocations=12 (full 1):
 PSYoungGen      total 89600K, used 18301K [0x00000000ebe00000, 0x00000000f3980000, 0x0000000100000000)
  eden space 67584K, 0% used [0x00000000ebe00000,0x00000000ebe00000,0x00000000f0000000)
  from space 22016K, 83% used [0x00000000f0000000,0x00000000f11df7f8,0x00000000f1580000)
  to   space 24064K, 0% used [0x00000000f2200000,0x00000000f2200000,0x00000000f3980000)
 ParOldGen       total 38912K, used 24265K [0x00000000c3a00000, 0x00000000c6000000, 0x00000000ebe00000)
  object space 38912K, 62% used [0x00000000c3a00000,0x00000000c51b2480,0x00000000c6000000)
 Metaspace       used 24675K, capacity 26178K, committed 26240K, reserved 1071104K
  class space    used 3386K, capacity 3698K, committed 3712K, reserved 1048576K
}
Event: 32.766 GC heap before
{Heap before GC invocations=13 (full 1):
 PSYoungGen      total 89600K, used 85885K [0x00000000ebe00000, 0x00000000f3980000, 0x0000000100000000)
  eden space 67584K, 100% used [0x00000000ebe00000,0x00000000f0000000,0x00000000f0000000)
  from space 22016K, 83% used [0x00000000f0000000,0x00000000f11df7f8,0x00000000f1580000)
  to   space 24064K, 0% used [0x00000000f2200000,0x00000000f2200000,0x00000000f3980000)
 ParOldGen       total 38912K, used 24265K [0x00000000c3a00000, 0x00000000c6000000, 0x00000000ebe00000)
  object space 38912K, 62% used [0x00000000c3a00000,0x00000000c51b2480,0x00000000c6000000)
 Metaspace       used 24874K, capacity 26458K, committed 26752K, reserved 1073152K
  class space    used 3389K, capacity 3702K, committed 3712K, reserved 1048576K
Event: 32.855 GC heap after
Heap after GC invocations=13 (full 1):
 PSYoungGen      total 100864K, used 18815K [0x00000000ebe00000, 0x00000000f3f00000, 0x0000000100000000)
  eden space 76800K, 0% used [0x00000000ebe00000,0x00000000ebe00000,0x00000000f0900000)
  from space 24064K, 78% used [0x00000000f2200000,0x00000000f345fc08,0x00000000f3980000)
  to   space 25600K, 0% used [0x00000000f0900000,0x00000000f0900000,0x00000000f2200000)
 ParOldGen       total 38912K, used 24273K [0x00000000c3a00000, 0x00000000c6000000, 0x00000000ebe00000)
  object space 38912K, 62% used [0x00000000c3a00000,0x00000000c51b4480,0x00000000c6000000)
 Metaspace       used 24874K, capacity 26458K, committed 26752K, reserved 1073152K
  class space    used 3389K, capacity 3702K, committed 3712K, reserved 1048576K
}
Event: 37.788 GC heap before
{Heap before GC invocations=14 (full 1):
 PSYoungGen      total 100864K, used 95615K [0x00000000ebe00000, 0x00000000f3f00000, 0x0000000100000000)
  eden space 76800K, 100% used [0x00000000ebe00000,0x00000000f0900000,0x00000000f0900000)
  from space 24064K, 78% used [0x00000000f2200000,0x00000000f345fc08,0x00000000f3980000)
  to   space 25600K, 0% used [0x00000000f0900000,0x00000000f0900000,0x00000000f2200000)
 ParOldGen       total 38912K, used 24273K [0x00000000c3a00000, 0x00000000c6000000, 0x00000000ebe00000)
  object space 38912K, 62% used [0x00000000c3a00000,0x00000000c51b4480,0x00000000c6000000)
 Metaspace       used 25005K, capacity 26526K, committed 26752K, reserved 1073152K
  class space    used 3390K, capacity 3702K, committed 3712K, reserved 1048576K
Event: 37.802 GC heap after
Heap after GC invocations=14 (full 1):
 PSYoungGen      total 102400K, used 21096K [0x00000000ebe00000, 0x00000000f4b80000, 0x0000000100000000)
  eden space 76800K, 0% used [0x00000000ebe00000,0x00000000ebe00000,0x00000000f0900000)
  from space 25600K, 82% used [0x00000000f0900000,0x00000000f1d9a098,0x00000000f2200000)
  to   space 27648K, 0% used [0x00000000f3080000,0x00000000f3080000,0x00000000f4b80000)
 ParOldGen       total 38912K, used 24281K [0x00000000c3a00000, 0x00000000c6000000, 0x00000000ebe00000)
  object space 38912K, 62% used [0x00000000c3a00000,0x00000000c51b6480,0x00000000c6000000)
 Metaspace       used 25005K, capacity 26526K, committed 26752K, reserved 1073152K
  class space    used 3390K, capacity 3702K, committed 3712K, reserved 1048576K
}
Event: 42.939 GC heap before
{Heap before GC invocations=15 (full 1):
 PSYoungGen      total 102400K, used 97896K [0x00000000ebe00000, 0x00000000f4b80000, 0x0000000100000000)
  eden space 76800K, 100% used [0x00000000ebe00000,0x00000000f0900000,0x00000000f0900000)
  from space 25600K, 82% used [0x00000000f0900000,0x00000000f1d9a098,0x00000000f2200000)
  to   space 27648K, 0% used [0x00000000f3080000,0x00000000f3080000,0x00000000f4b80000)
 ParOldGen       total 38912K, used 24281K [0x00000000c3a00000, 0x00000000c6000000, 0x00000000ebe00000)
  object space 38912K, 62% used [0x00000000c3a00000,0x00000000c51b6480,0x00000000c6000000)
 Metaspace       used 25053K, capacity 26590K, committed 26752K, reserved 1073152K
  class space    used 3390K, capacity 3702K, committed 3712K, reserved 1048576K
Event: 43.029 GC heap after
Heap after GC invocations=15 (full 1):
 PSYoungGen      total 115712K, used 21931K [0x00000000ebe00000, 0x00000000f5080000, 0x0000000100000000)
  eden space 88064K, 0% used [0x00000000ebe00000,0x00000000ebe00000,0x00000000f1400000)
  from space 27648K, 79% used [0x00000000f3080000,0x00000000f45eacc8,0x00000000f4b80000)
  to   space 29184K, 0% used [0x00000000f1400000,0x00000000f1400000,0x00000000f3080000)
 ParOldGen       total 38912K, used 24289K [0x00000000c3a00000, 0x00000000c6000000, 0x00000000ebe00000)
  object space 38912K, 62% used [0x00000000c3a00000,0x00000000c51b8480,0x00000000c6000000)
 Metaspace       used 25053K, capacity 26590K, committed 26752K, reserved 1073152K
  class space    used 3390K, capacity 3702K, committed 3712K, reserved 1048576K
}
Event: 48.897 GC heap before
{Heap before GC invocations=16 (full 1):
 PSYoungGen      total 115712K, used 109972K [0x00000000ebe00000, 0x00000000f5080000, 0x0000000100000000)
  eden space 88064K, 99% used [0x00000000ebe00000,0x00000000f13fa388,0x00000000f1400000)
  from space 27648K, 79% used [0x00000000f3080000,0x00000000f45eacc8,0x00000000f4b80000)
  to   space 29184K, 0% used [0x00000000f1400000,0x00000000f1400000,0x00000000f3080000)
 ParOldGen       total 38912K, used 24289K [0x00000000c3a00000, 0x00000000c6000000, 0x00000000ebe00000)
  object space 38912K, 62% used [0x00000000c3a00000,0x00000000c51b8480,0x00000000c6000000)
 Metaspace       used 25060K, capacity 26590K, committed 26752K, reserved 1073152K
  class space    used 3390K, capacity 3702K, committed 3712K, reserved 1048576K
Event: 48.912 GC heap after
Heap after GC invocations=16 (full 1):
 PSYoungGen      total 117248K, used 24726K [0x00000000ebe00000, 0x00000000f6080000, 0x0000000100000000)
  eden space 88064K, 0% used [0x00000000ebe00000,0x00000000ebe00000,0x00000000f1400000)
  from space 29184K, 84% used [0x00000000f1400000,0x00000000f2c25978,0x00000000f3080000)
  to   space 31744K, 0% used [0x00000000f4180000,0x00000000f4180000,0x00000000f6080000)
 ParOldGen       total 38912K, used 24297K [0x00000000c3a00000, 0x00000000c6000000, 0x00000000ebe00000)
  object space 38912K, 62% used [0x00000000c3a00000,0x00000000c51ba480,0x00000000c6000000)
 Metaspace       used 25060K, capacity 26590K, committed 26752K, reserved 1073152K
  class space    used 3390K, capacity 3702K, committed 3712K, reserved 1048576K
}

Deoptimization events (10 events):
Event: 27.127 Thread 0x00007fa94c1a1000 Uncommon trap: reason=unstable_if action=reinterpret pc=0x00007fa93da9dc34 method=com.sun.javafx.geom.BoxBounds.isEmpty()Z @ 9
Event: 27.127 Thread 0x00007fa94c1a1000 Uncommon trap: reason=unstable_if action=reinterpret pc=0x00007fa93dad1d6c method=com.sun.javafx.geom.RectBounds.intersects(Lcom/sun/javafx/geom/BaseBounds;)Z @ 8
Event: 27.469 Thread 0x00007fa94c244800 Uncommon trap: reason=unstable_if action=reinterpret pc=0x00007fa93dabac78 method=com.sun.javafx.text.TextRun.getPosX(I)F @ 75
Event: 29.876 Thread 0x00007fa94c244800 Uncommon trap: reason=unstable_if action=reinterpret pc=0x00007fa93d1ec4ac method=java.util.concurrent.locks.ReentrantLock$NonfairSync.lock()V @ 6
Event: 32.913 Thread 0x00007fa94c244800 Uncommon trap: reason=unstable_if action=reinterpret pc=0x00007fa93dad69d4 method=javafx.scene.Node.updateBounds()V @ 70
Event: 33.356 Thread 0x00007fa94c1a1000 Uncommon trap: reason=class_check action=maybe_recompile pc=0x00007fa93dc40360 method=com.sun.javafx.sg.prism.NGNode.markCullRegions(Lcom/sun/javafx/geom/DirtyRegionContainer;ILcom/sun/javafx/geom/transform/BaseTransform;Lcom/sun/javafx/geom/transform/Gen
Event: 33.356 Thread 0x00007fa94c1a1000 Uncommon trap: reason=class_check action=maybe_recompile pc=0x00007fa93dc40360 method=com.sun.javafx.sg.prism.NGNode.markCullRegions(Lcom/sun/javafx/geom/DirtyRegionContainer;ILcom/sun/javafx/geom/transform/BaseTransform;Lcom/sun/javafx/geom/transform/Gen
Event: 34.146 Thread 0x00007fa94c1a1000 Uncommon trap: reason=class_check action=maybe_recompile pc=0x00007fa93dc40360 method=com.sun.javafx.sg.prism.NGNode.markCullRegions(Lcom/sun/javafx/geom/DirtyRegionContainer;ILcom/sun/javafx/geom/transform/BaseTransform;Lcom/sun/javafx/geom/transform/Gen
Event: 34.146 Thread 0x00007fa94c1a1000 Uncommon trap: reason=class_check action=maybe_recompile pc=0x00007fa93dc40360 method=com.sun.javafx.sg.prism.NGNode.markCullRegions(Lcom/sun/javafx/geom/DirtyRegionContainer;ILcom/sun/javafx/geom/transform/BaseTransform;Lcom/sun/javafx/geom/transform/Gen
Event: 49.119 Thread 0x00007fa94c0b4800 Uncommon trap: reason=unstable_if action=reinterpret pc=0x00007fa93d465974 method=java.security.AccessControlContext.optimize()Ljava/security/AccessControlContext; @ 65

Internal exceptions (10 events):
Event: 47.426 Thread 0x00007fa908316800 Exception <a 'java/net/SocketTimeoutException': Read timed out> (0x00000000efc9e270) thrown at [/HUDSON3/workspace/8-2-build-linux-amd64/jdk8u111/7883/hotspot/src/share/vm/prims/jni.cpp, line 735]
Event: 47.527 Thread 0x00007fa908316800 Exception <a 'java/net/SocketTimeoutException': Read timed out> (0x00000000efeb4920) thrown at [/HUDSON3/workspace/8-2-build-linux-amd64/jdk8u111/7883/hotspot/src/share/vm/prims/jni.cpp, line 735]
Event: 47.639 Thread 0x00007fa908316800 Exception <a 'java/net/SocketTimeoutException': Read timed out> (0x00000000efeb5118) thrown at [/HUDSON3/workspace/8-2-build-linux-amd64/jdk8u111/7883/hotspot/src/share/vm/prims/jni.cpp, line 735]
Event: 47.741 Thread 0x00007fa908316800 Exception <a 'java/net/SocketTimeoutException': Read timed out> (0x00000000f02e58e0) thrown at [/HUDSON3/workspace/8-2-build-linux-amd64/jdk8u111/7883/hotspot/src/share/vm/prims/jni.cpp, line 735]
Event: 47.924 Thread 0x00007fa908316800 Exception <a 'java/net/SocketTimeoutException': Read timed out> (0x00000000f02e64c8) thrown at [/HUDSON3/workspace/8-2-build-linux-amd64/jdk8u111/7883/hotspot/src/share/vm/prims/jni.cpp, line 735]
Event: 48.343 Thread 0x00007fa908316800 Exception <a 'java/net/SocketTimeoutException': Read timed out> (0x00000000f0a62c30) thrown at [/HUDSON3/workspace/8-2-build-linux-amd64/jdk8u111/7883/hotspot/src/share/vm/prims/jni.cpp, line 735]
Event: 48.526 Thread 0x00007fa908316800 Exception <a 'java/net/SocketTimeoutException': Read timed out> (0x00000000f0e93c50) thrown at [/HUDSON3/workspace/8-2-build-linux-amd64/jdk8u111/7883/hotspot/src/share/vm/prims/jni.cpp, line 735]
Event: 48.658 Thread 0x00007fa908316800 Exception <a 'java/net/SocketTimeoutException': Read timed out> (0x00000000f0e94568) thrown at [/HUDSON3/workspace/8-2-build-linux-amd64/jdk8u111/7883/hotspot/src/share/vm/prims/jni.cpp, line 735]
Event: 48.739 Thread 0x00007fa908316800 Exception <a 'java/net/SocketTimeoutException': Read timed out> (0x00000000f10aa718) thrown at [/HUDSON3/workspace/8-2-build-linux-amd64/jdk8u111/7883/hotspot/src/share/vm/prims/jni.cpp, line 735]
Event: 49.119 Thread 0x00007fa94c0b4800 Implicit null exception at 0x00007fa93d465062 to 0x00007fa93d465965

Events (10 events):
Event: 49.119 Thread 0x00007fa94c0b4800 Uncommon trap: trap_request=0xffffff65 fr.pc=0x00007fa93d465974
Event: 49.119 Thread 0x00007fa94c0b4800 DEOPT PACKING pc=0x00007fa93d465974 sp=0x00007fa93976e3a0
Event: 49.119 Thread 0x00007fa94c0b4800 DEOPT UNPACKING pc=0x00007fa93d005229 sp=0x00007fa93976e378 mode 2
Event: 49.119 Thread 0x00007fa91c002800 Thread added: 0x00007fa91c002800
Event: 49.119 loading class java/util/IdentityHashMap$KeySet
Event: 49.119 loading class java/util/IdentityHashMap$KeySet done
Event: 49.119 loading class java/util/IdentityHashMap$KeyIterator
Event: 49.119 loading class java/util/IdentityHashMap$IdentityHashMapIterator
Event: 49.119 loading class java/util/IdentityHashMap$IdentityHashMapIterator done
Event: 49.119 loading class java/util/IdentityHashMap$KeyIterator done


Dynamic libraries:
00400000-00401000 r-xp 00000000 08:09 3674802                            /usr/lib/jvm/java-8-oracle/bin/java
00600000-00601000 rw-p 00000000 08:09 3674802                            /usr/lib/jvm/java-8-oracle/bin/java
00e8b000-00eac000 rw-p 00000000 00:00 0                                  [heap]
c3a00000-c6000000 rw-p 00000000 00:00 0 
c6000000-ebe00000 ---p 00000000 00:00 0 
ebe00000-f6080000 rw-p 00000000 00:00 0 
f6080000-100000000 ---p 00000000 00:00 0 
100000000-1003a0000 rw-p 00000000 00:00 0 
1003a0000-140000000 ---p 00000000 00:00 0 
7fa8e8e4c000-7fa8e8ecc000 rw-s 10be01000 00:06 217                       /dev/dri/card0
7fa8e8ecc000-7fa8e8f4c000 rw-s 10bd81000 00:06 217                       /dev/dri/card0
7fa8e8f4c000-7fa8e8fcc000 rw-s 10bd01000 00:06 217                       /dev/dri/card0
7fa8e8fcc000-7fa8e904c000 rw-s 10bc81000 00:06 217                       /dev/dri/card0
7fa8e904c000-7fa8e90cc000 rw-s 10bc01000 00:06 217                       /dev/dri/card0
7fa8e90cc000-7fa8e914c000 rw-s 10bb81000 00:06 217                       /dev/dri/card0
7fa8e914c000-7fa8e91cc000 rw-s 10bb01000 00:06 217                       /dev/dri/card0
7fa8e91cc000-7fa8e924c000 rw-s 10ba81000 00:06 217                       /dev/dri/card0
7fa8e924c000-7fa8e92cc000 rw-s 10ba01000 00:06 217                       /dev/dri/card0
7fa8e92cc000-7fa8e934c000 rw-s 10b981000 00:06 217                       /dev/dri/card0
7fa8e934c000-7fa8e93cc000 rw-p 00000000 00:00 0 
7fa8e93cc000-7fa8e954c000 ---p 00000000 00:00 0 
7fa8e954c000-7fa8e95cc000 rw-s 10b901000 00:06 217                       /dev/dri/card0
7fa8e95cc000-7fa8e964c000 rw-s 10b881000 00:06 217                       /dev/dri/card0
7fa8e96cc000-7fa8e974c000 rw-s 10b781000 00:06 217                       /dev/dri/card0
7fa8e97cc000-7fa8e984c000 rw-s 109e79000 00:06 217                       /dev/dri/card0
7fa8e9868000-7fa8e98e8000 rw-s 10b681000 00:06 217                       /dev/dri/card0
7fa8e9968000-7fa8e99e8000 rw-s 10ae01000 00:06 217                       /dev/dri/card0
7fa8e99e8000-7fa8e9a68000 rw-s 10b501000 00:06 217                       /dev/dri/card0
7fa8e9a68000-7fa8e9ae8000 rw-s 10b481000 00:06 217                       /dev/dri/card0
7fa8e9ae8000-7fa8e9b68000 rw-s 10b401000 00:06 217                       /dev/dri/card0
7fa8e9b68000-7fa8e9be8000 rw-s 1084f9000 00:06 217                       /dev/dri/card0
7fa8e9be8000-7fa8e9c68000 rw-s 10b301000 00:06 217                       /dev/dri/card0
7fa8e9c68000-7fa8e9ce8000 rw-s 10b281000 00:06 217                       /dev/dri/card0
7fa8e9ce8000-7fa8e9d68000 rw-s 10b201000 00:06 217                       /dev/dri/card0
7fa8e9d68000-7fa8e9de8000 rw-s 10b181000 00:06 217                       /dev/dri/card0
7fa8e9de8000-7fa8e9e68000 rw-s 108479000 00:06 217                       /dev/dri/card0
7fa8e9e68000-7fa8e9ee8000 rw-s 10ac79000 00:06 217                       /dev/dri/card0
7fa8e9ee8000-7fa8e9f68000 rw-s 10b001000 00:06 217                       /dev/dri/card0
7fa8e9f68000-7fa8e9fe8000 rw-s 10af81000 00:06 217                       /dev/dri/card0
7fa8e9fe8000-7fa8ea068000 rw-s 10af01000 00:06 217                       /dev/dri/card0
7fa8ea068000-7fa8ea0e8000 rw-s 10ae81000 00:06 217                       /dev/dri/card0
7fa8ea0e8000-7fa8ea168000 rw-s 1088f9000 00:06 217                       /dev/dri/card0
7fa8ea168000-7fa8ea1e8000 rw-s 10ad81000 00:06 217                       /dev/dri/card0
7fa8ea1e8000-7fa8ea268000 rw-s 10ad01000 00:06 217                       /dev/dri/card0
7fa8ea268000-7fa8ea290000 rw-s 00000000 00:05 208653                     /drm mm object (deleted)
7fa8ea290000-7fa8ea298000 rw-s 10acf9000 00:06 217                       /dev/dri/card0
7fa8ea298000-7fa8ea318000 rw-s 10b381000 00:06 217                       /dev/dri/card0
7fa8ea318000-7fa8ea398000 rw-s 10abf9000 00:06 217                       /dev/dri/card0
7fa8ea398000-7fa8ea418000 rw-s 10ab79000 00:06 217                       /dev/dri/card0
7fa8ea418000-7fa8ea498000 rw-s 10aaf9000 00:06 217                       /dev/dri/card0
7fa8ea498000-7fa8ea518000 rw-s 10aa79000 00:06 217                       /dev/dri/card0
7fa8ea518000-7fa8ea598000 rw-s 10a9f9000 00:06 217                       /dev/dri/card0
7fa8ea897000-7fa8ea998000 rw-p 00000000 00:00 0 
7fa8ea998000-7fa8eaa18000 rw-s 10a6f9000 00:06 217                       /dev/dri/card0
7fa8eaa18000-7fa8eaa98000 rw-s 1099f9000 00:06 217                       /dev/dri/card0
7fa8eab18000-7fa8eab98000 rw-s 1091f9000 00:06 217                       /dev/dri/card0
7fa8eab98000-7fa8eac18000 rw-s 109779000 00:06 217                       /dev/dri/card0
7fa8eac18000-7fa8eac98000 rw-s 10b801000 00:06 217                       /dev/dri/card0
7fa8eac98000-7fa8ead18000 rw-s 109479000 00:06 217                       /dev/dri/card0
7fa8ead18000-7fa8ead98000 rw-s 109679000 00:06 217                       /dev/dri/card0
7fa8ead98000-7fa8eae18000 rw-s 109279000 00:06 217                       /dev/dri/card0
7fa8eae18000-7fa8eae98000 rw-s 109b79000 00:06 217                       /dev/dri/card0
7fa8eae98000-7fa8eaf18000 rw-s 109af9000 00:06 217                       /dev/dri/card0
7fa8eaf18000-7fa8eaf98000 rw-s 109179000 00:06 217                       /dev/dri/card0
7fa8eaf98000-7fa8eb018000 rw-s 109a79000 00:06 217                       /dev/dri/card0
7fa8eb018000-7fa8eb098000 rw-s 109ef9000 00:06 217                       /dev/dri/card0
7fa8eb098000-7fa8eb118000 rw-s 109979000 00:06 217                       /dev/dri/card0
7fa8eb118000-7fa8eb198000 rw-s 1098f9000 00:06 217                       /dev/dri/card0
7fa8eb198000-7fa8eb218000 rw-s 109879000 00:06 217                       /dev/dri/card0
7fa8eb218000-7fa8eb298000 rw-s 1097f9000 00:06 217                       /dev/dri/card0
7fa8eb298000-7fa8eb318000 rw-s 10a679000 00:06 217                       /dev/dri/card0
7fa8eb318000-7fa8eb398000 rw-s 10a5f9000 00:06 217                       /dev/dri/card0
7fa8eb398000-7fa8eb418000 rw-s 10a579000 00:06 217                       /dev/dri/card0
7fa8eb418000-7fa8eb498000 rw-s 1094f9000 00:06 217                       /dev/dri/card0
7fa8eb498000-7fa8eb518000 rw-s 10a4f9000 00:06 217                       /dev/dri/card0
7fa8eb518000-7fa8eb598000 rw-s 10a479000 00:06 217                       /dev/dri/card0
7fa8eb598000-7fa8eb618000 rw-s 10a3f9000 00:06 217                       /dev/dri/card0
7fa8eb618000-7fa8eb698000 rw-s 1093f9000 00:06 217                       /dev/dri/card0
7fa8eb6b1000-7fa8eb731000 rw-s 10a379000 00:06 217                       /dev/dri/card0
7fa8eb731000-7fa8eb7b1000 rw-s 10a2f9000 00:06 217                       /dev/dri/card0
7fa8eb7b1000-7fa8eb801000 rw-s 00000000 00:05 209531                     /drm mm object (deleted)
7fa8eb801000-7fa8eb802000 rw-s 10be81000 00:06 217                       /dev/dri/card0
7fa8eb802000-7fa8eb812000 rw-s 00000000 00:05 208829                     /drm mm object (deleted)
7fa8eb812000-7fa8eb892000 rw-s 109d79000 00:06 217                       /dev/dri/card0
7fa8eb892000-7fa8eb898000 rw-s 00000000 00:05 209458                     /drm mm object (deleted)
7fa8eb898000-7fa8eb918000 rw-s 109cf9000 00:06 217                       /dev/dri/card0
7fa8eb918000-7fa8eb998000 rw-s 1095f9000 00:06 217                       /dev/dri/card0
7fa8eb998000-7fa8eba18000 rw-s 10a279000 00:06 217                       /dev/dri/card0
7fa8eba18000-7fa8eba98000 rw-s 109bf9000 00:06 217                       /dev/dri/card0
7fa8eba98000-7fa8ebb18000 rw-s 10a1f9000 00:06 217                       /dev/dri/card0
7fa8ebb18000-7fa8ebb98000 rw-s 10a179000 00:06 217                       /dev/dri/card0
7fa8ebb98000-7fa8ebc18000 rw-s 10a879000 00:06 217                       /dev/dri/card0
7fa8ebc18000-7fa8ebc98000 rw-s 1092f9000 00:06 217                       /dev/dri/card0
7fa8ebc98000-7fa8ebd18000 rw-s 10a0f9000 00:06 217                       /dev/dri/card0
7fa8ebd18000-7fa8ebd98000 rw-s 10a079000 00:06 217                       /dev/dri/card0
7fa8ebd98000-7fa8ebe18000 rw-s 109ff9000 00:06 217                       /dev/dri/card0
7fa8ebe18000-7fa8ebe98000 rw-s 1090f9000 00:06 217                       /dev/dri/card0
7fa8ebe98000-7fa8ebf18000 rw-s 109f79000 00:06 217                       /dev/dri/card0
7fa8ebf18000-7fa8ebf98000 rw-s 108ff9000 00:06 217                       /dev/dri/card0
7fa8ebf98000-7fa8ec018000 rw-s 108f79000 00:06 217                       /dev/dri/card0
7fa8ec018000-7fa8ec098000 rw-s 108ef9000 00:06 217                       /dev/dri/card0
7fa8ec098000-7fa8ec118000 rw-s 108e79000 00:06 217                       /dev/dri/card0
7fa8ec118000-7fa8ec198000 rw-s 10b581000 00:06 217                       /dev/dri/card0
7fa8ec198000-7fa8ec218000 rw-s 108b79000 00:06 217                       /dev/dri/card0
7fa8ec218000-7fa8ec298000 rw-s 108cf9000 00:06 217                       /dev/dri/card0
7fa8ec298000-7fa8ec318000 rw-s 1087f9000 00:06 217                       /dev/dri/card0
7fa8ec318000-7fa8ec398000 rw-s 108bf9000 00:06 217                       /dev/dri/card0
7fa8ec398000-7fa8ec418000 rw-s 108779000 00:06 217                       /dev/dri/card0
7fa8ec418000-7fa8ec498000 rw-s 108af9000 00:06 217                       /dev/dri/card0
7fa8ec498000-7fa8ec518000 rw-s 1086f9000 00:06 217                       /dev/dri/card0
7fa8ec518000-7fa8ec598000 rw-s 108679000 00:06 217                       /dev/dri/card0
7fa8ec598000-7fa8ec618000 rw-s 108979000 00:06 217                       /dev/dri/card0
7fa8ec618000-7fa8ec698000 rw-s 1085f9000 00:06 217                       /dev/dri/card0
7fa8ec698000-7fa8ec718000 rw-s 108879000 00:06 217                       /dev/dri/card0
7fa8ec718000-7fa8ec798000 rw-s 108c79000 00:06 217                       /dev/dri/card0
7fa8ec798000-7fa8ec818000 rw-s 108a79000 00:06 217                       /dev/dri/card0
7fa8ec818000-7fa8ec898000 rw-s 1089f9000 00:06 217                       /dev/dri/card0
7fa8ec898000-7fa8ec918000 rw-s 10b101000 00:06 217                       /dev/dri/card0
7fa8ec918000-7fa8ec998000 rw-s 10b081000 00:06 217                       /dev/dri/card0
7fa8ec998000-7fa8eca18000 rw-s 108579000 00:06 217                       /dev/dri/card0
7fa8eca18000-7fa8eca98000 rw-s 108df9000 00:06 217                       /dev/dri/card0
7fa8eca98000-7fa8ecb18000 rw-s 108d79000 00:06 217                       /dev/dri/card0
7fa8ecb18000-7fa8ecb19000 rw-s 00000000 00:05 209348                     /drm mm object (deleted)
7fa8ecb19000-7fa8ecb21000 rw-s 00000000 00:05 209346                     /drm mm object (deleted)
7fa8ecb21000-7fa8ecba1000 rw-s 1083f9000 00:06 217                       /dev/dri/card0
7fa8ecba1000-7fa8ecda1000 rw-p 00000000 00:00 0 
7fa8ecda1000-7fa8ecf61000 rw-s 00000000 00:05 208549                     /drm mm object (deleted)
7fa8ecf61000-7fa8ecf62000 rw-s 00000000 00:05 208825                     /drm mm object (deleted)
7fa8ecf62000-7fa8ecf63000 rw-s 00000000 00:05 208798                     /drm mm object (deleted)
7fa8ecf63000-7fa8ecf64000 rw-s 00000000 00:05 208797                     /drm mm object (deleted)
7fa8ecf65000-7fa8ecfe5000 rw-s 108375000 00:06 217                       /dev/dri/card0
7fa8ecfe5000-7fa8ed045000 rw-s 00000000 00:05 208543                     /drm mm object (deleted)
7fa8ed045000-7fa8ed053000 rw-s 00000000 00:05 208542                     /drm mm object (deleted)
7fa8ed053000-7fa8ed055000 rw-s 108373000 00:06 217                       /dev/dri/card0
7fa8ed055000-7fa8ed215000 rw-s 1081b3000 00:06 217                       /dev/dri/card0
7fa8ed215000-7fa8ed3d5000 rw-s 00000000 00:05 208535                     /drm mm object (deleted)
7fa8ed3d5000-7fa8ed3e5000 rw-s 00000000 00:05 209345                     /drm mm object (deleted)
7fa8ed3e5000-7fa8ed3f5000 rw-s 00000000 00:05 208537                     /drm mm object (deleted)
7fa8ed3f5000-7fa8ed401000 rw-s 00000000 00:05 208499                     /drm mm object (deleted)
7fa8ed401000-7fa8ed414000 r--s 00345000 08:09 3674764                    /usr/lib/jvm/java-8-oracle/jre/lib/resources.jar
7fa8ed414000-7fa8ed614000 rw-p 00000000 00:00 0 
7fa8ed614000-7fa8ed64a000 r-xp 00000000 08:09 3942947                    /usr/lib/jvm/java-8-oracle/jre/lib/amd64/libjavafx_iio.so
7fa8ed64a000-7fa8ed849000 ---p 00036000 08:09 3942947                    /usr/lib/jvm/java-8-oracle/jre/lib/amd64/libjavafx_iio.so
7fa8ed849000-7fa8ed84a000 rw-p 00035000 08:09 3942947                    /usr/lib/jvm/java-8-oracle/jre/lib/amd64/libjavafx_iio.so
7fa8ed84a000-7fa8eda4a000 rw-p 00000000 00:00 0 
7fa8eda4a000-7fa8eda5b000 r-xp 00000000 08:09 3942943                    /usr/lib/jvm/java-8-oracle/jre/lib/amd64/libnio.so
7fa8eda5b000-7fa8edc5a000 ---p 00011000 08:09 3942943                    /usr/lib/jvm/java-8-oracle/jre/lib/amd64/libnio.so
7fa8edc5a000-7fa8edc5b000 rw-p 00010000 08:09 3942943                    /usr/lib/jvm/java-8-oracle/jre/lib/amd64/libnio.so
7fa8edc5b000-7fa8edc5e000 ---p 00000000 00:00 0 
7fa8edc5e000-7fa8edd5c000 rw-p 00000000 00:00 0 
7fa8edd5c000-7fa8edd97000 r-xp 00000000 08:09 3942697                    /usr/lib/jvm/java-8-oracle/jre/lib/amd64/libjpeg.so
7fa8edd97000-7fa8edf96000 ---p 0003b000 08:09 3942697                    /usr/lib/jvm/java-8-oracle/jre/lib/amd64/libjpeg.so
7fa8edf96000-7fa8edf97000 rw-p 0003a000 08:09 3942697                    /usr/lib/jvm/java-8-oracle/jre/lib/amd64/libjpeg.so
7fa8edf97000-7fa8edfeb000 r-xp 00000000 08:09 3942944                    /usr/lib/jvm/java-8-oracle/jre/lib/amd64/libawt_xawt.so
7fa8edfeb000-7fa8ee1eb000 ---p 00054000 08:09 3942944                    /usr/lib/jvm/java-8-oracle/jre/lib/amd64/libawt_xawt.so
7fa8ee1eb000-7fa8ee1ef000 rw-p 00054000 08:09 3942944                    /usr/lib/jvm/java-8-oracle/jre/lib/amd64/libawt_xawt.so
7fa8ee1ef000-7fa8ee1f0000 rw-p 00000000 00:00 0 
7fa8ee1f0000-7fa8ee292000 r-xp 00000000 08:09 3942958                    /usr/lib/jvm/java-8-oracle/jre/lib/amd64/libawt.so
7fa8ee292000-7fa8ee492000 ---p 000a2000 08:09 3942958                    /usr/lib/jvm/java-8-oracle/jre/lib/amd64/libawt.so
7fa8ee492000-7fa8ee49e000 rw-p 000a2000 08:09 3942958                    /usr/lib/jvm/java-8-oracle/jre/lib/amd64/libawt.so
7fa8ee49e000-7fa8ee4c2000 rw-p 00000000 00:00 0 
7fa8ee4c2000-7fa8ee4c5000 ---p 00000000 00:00 0 
7fa8ee4c5000-7fa8ee5c3000 rw-p 00000000 00:00 0 
7fa8ee5c3000-7fa8ee67c000 r--p 00000000 08:09 4464050                    /usr/share/fonts/truetype/dejavu/DejaVuSans.ttf
7fa8ee67c000-7fa8ee727000 r--p 00000000 08:09 3942990                    /usr/lib/jvm/java-8-oracle/jre/lib/fonts/LucidaSansRegular.ttf
7fa8ee727000-7fa8ee775000 r--p 00000000 08:09 3942989                    /usr/lib/jvm/java-8-oracle/jre/lib/fonts/LucidaSansDemiBold.ttf
7fa8ee775000-7fa8ee7b1000 r--p 00000000 08:09 3942988                    /usr/lib/jvm/java-8-oracle/jre/lib/fonts/LucidaTypewriterRegular.ttf
7fa8ee7b1000-7fa8ee7eb000 r--p 00000000 08:09 3942987                    /usr/lib/jvm/java-8-oracle/jre/lib/fonts/LucidaTypewriterBold.ttf
7fa8ee7eb000-7fa8ee7ff000 r--p 00000000 08:09 3942986                    /usr/lib/jvm/java-8-oracle/jre/lib/fonts/LucidaBrightItalic.ttf
7fa8ee7ff000-7fa8ee854000 r--p 00000000 08:09 3942982                    /usr/lib/jvm/java-8-oracle/jre/lib/fonts/LucidaBrightRegular.ttf
7fa8ee854000-7fa8ee858000 r-xp 00000000 08:09 3942689                    /usr/lib/jvm/java-8-oracle/jre/lib/amd64/libjavafx_font_pango.so
7fa8ee858000-7fa8eea57000 ---p 00004000 08:09 3942689                    /usr/lib/jvm/java-8-oracle/jre/lib/amd64/libjavafx_font_pango.so
7fa8eea57000-7fa8eea58000 rw-p 00003000 08:09 3942689                    /usr/lib/jvm/java-8-oracle/jre/lib/amd64/libjavafx_font_pango.so
7fa8eea58000-7fa8eec58000 rw-p 00000000 00:00 0 
7fa8eec58000-7fa8eec5b000 ---p 00000000 00:00 0 
7fa8eec5b000-7fa8eed59000 rw-p 00000000 00:00 0 
7fa8eed59000-7fa8eed5c000 ---p 00000000 00:00 0 
7fa8eed5c000-7fa8eee5a000 rw-p 00000000 00:00 0 
7fa8eee5a000-7fa8eee5c000 r-xp 00000000 08:09 7868817                    /lib/x86_64-linux-gnu/libnss_mdns4_minimal.so.2
7fa8eee5c000-7fa8ef05b000 ---p 00002000 08:09 7868817                    /lib/x86_64-linux-gnu/libnss_mdns4_minimal.so.2
7fa8ef05b000-7fa8ef05c000 r--p 00001000 08:09 7868817                    /lib/x86_64-linux-gnu/libnss_mdns4_minimal.so.2
7fa8ef05c000-7fa8ef05d000 rw-p 00002000 08:09 7868817                    /lib/x86_64-linux-gnu/libnss_mdns4_minimal.so.2
7fa8ef05d000-7fa8ef073000 r-xp 00000000 08:09 3942941                    /usr/lib/jvm/java-8-oracle/jre/lib/amd64/libnet.so
7fa8ef073000-7fa8ef273000 ---p 00016000 08:09 3942941                    /usr/lib/jvm/java-8-oracle/jre/lib/amd64/libnet.so
7fa8ef273000-7fa8ef274000 rw-p 00016000 08:09 3942941                    /usr/lib/jvm/java-8-oracle/jre/lib/amd64/libnet.so
7fa8ef274000-7fa8ef474000 rw-p 00000000 00:00 0 
7fa8ef474000-7fa8ef479000 r-xp 00000000 08:09 3941465                    /usr/lib/jvm/java-8-oracle/jre/lib/amd64/libjavafx_font_freetype.so
7fa8ef479000-7fa8ef678000 ---p 00005000 08:09 3941465                    /usr/lib/jvm/java-8-oracle/jre/lib/amd64/libjavafx_font_freetype.so
7fa8ef678000-7fa8ef679000 rw-p 00004000 08:09 3941465                    /usr/lib/jvm/java-8-oracle/jre/lib/amd64/libjavafx_font_freetype.so
7fa8ef679000-7fa8ef67c000 r-xp 00000000 08:09 3942973                    /usr/lib/jvm/java-8-oracle/jre/lib/amd64/libjavafx_font.so
7fa8ef67c000-7fa8ef87b000 ---p 00003000 08:09 3942973                    /usr/lib/jvm/java-8-oracle/jre/lib/amd64/libjavafx_font.so
7fa8ef87b000-7fa8ef87c000 rw-p 00002000 08:09 3942973                    /usr/lib/jvm/java-8-oracle/jre/lib/amd64/libjavafx_font.so
7fa8ef87c000-7fa8efa7c000 rw-p 00000000 00:00 0 
7fa8efa7c000-7fa8efa7f000 ---p 00000000 00:00 0 
7fa8efa7f000-7fa8efd7d000 rw-p 00000000 00:00 0 
7fa8efd7d000-7fa8efd80000 ---p 00000000 00:00 0 
7fa8efd80000-7fa8efe7e000 rw-p 00000000 00:00 0 
7fa8efe7e000-7fa8efe7f000 ---p 00000000 00:00 0 
7fa8efe7f000-7fa8f067f000 rw-p 00000000 00:00 0 
7fa8f067f000-7fa8f06a4000 r-xp 00000000 08:09 3412158                    /usr/lib/x86_64-linux-gnu/libv4lconvert.so.0.0.0
7fa8f06a4000-7fa8f08a4000 ---p 00025000 08:09 3412158                    /usr/lib/x86_64-linux-gnu/libv4lconvert.so.0.0.0
7fa8f08a4000-7fa8f08a6000 r--p 00025000 08:09 3412158                    /usr/lib/x86_64-linux-gnu/libv4lconvert.so.0.0.0
7fa8f08a6000-7fa8f08a7000 rw-p 00027000 08:09 3412158                    /usr/lib/x86_64-linux-gnu/libv4lconvert.so.0.0.0
7fa8f08a7000-7fa8f08f9000 rw-p 00000000 00:00 0 
7fa8f08f9000-7fa8f0910000 r-xp 00000000 08:09 7868695                    /lib/x86_64-linux-gnu/libusb-1.0.so.0.1.0
7fa8f0910000-7fa8f0b0f000 ---p 00017000 08:09 7868695                    /lib/x86_64-linux-gnu/libusb-1.0.so.0.1.0
7fa8f0b0f000-7fa8f0b10000 r--p 00016000 08:09 7868695                    /lib/x86_64-linux-gnu/libusb-1.0.so.0.1.0
7fa8f0b10000-7fa8f0b11000 rw-p 00017000 08:09 7868695                    /lib/x86_64-linux-gnu/libusb-1.0.so.0.1.0
7fa8f0b11000-7fa8f0b1e000 r-xp 00000000 08:09 3415223                    /usr/lib/x86_64-linux-gnu/libraw1394.so.11.1.0
7fa8f0b1e000-7fa8f0d1e000 ---p 0000d000 08:09 3415223                    /usr/lib/x86_64-linux-gnu/libraw1394.so.11.1.0
7fa8f0d1e000-7fa8f0d1f000 r--p 0000d000 08:09 3415223                    /usr/lib/x86_64-linux-gnu/libraw1394.so.11.1.0
7fa8f0d1f000-7fa8f0d20000 rw-p 0000e000 08:09 3415223                    /usr/lib/x86_64-linux-gnu/libraw1394.so.11.1.0
7fa8f0d20000-7fa8f0d2b000 r-xp 00000000 08:09 3415182                    /usr/lib/x86_64-linux-gnu/libjbig.so.0
7fa8f0d2b000-7fa8f0f2a000 ---p 0000b000 08:09 3415182                    /usr/lib/x86_64-linux-gnu/libjbig.so.0
7fa8f0f2a000-7fa8f0f2b000 r--p 0000a000 08:09 3415182                    /usr/lib/x86_64-linux-gnu/libjbig.so.0
7fa8f0f2b000-7fa8f0f2e000 rw-p 0000b000 08:09 3415182                    /usr/lib/x86_64-linux-gnu/libjbig.so.0
7fa8f0f2e000-7fa8f0f4f000 r-xp 00000000 08:09 7868683                    /lib/x86_64-linux-gnu/liblzma.so.5.0.0
7fa8f0f4f000-7fa8f114e000 ---p 00021000 08:09 7868683                    /lib/x86_64-linux-gnu/liblzma.so.5.0.0
7fa8f114e000-7fa8f114f000 r--p 00020000 08:09 7868683                    /lib/x86_64-linux-gnu/liblzma.so.5.0.0
7fa8f114f000-7fa8f1150000 rw-p 00021000 08:09 7868683                    /lib/x86_64-linux-gnu/liblzma.so.5.0.0
7fa8f1150000-7fa8f1196000 r-xp 00000000 08:09 3802324                    /usr/local/lib/libswscale.so.2.1.2
7fa8f1196000-7fa8f1396000 ---p 00046000 08:09 3802324                    /usr/local/lib/libswscale.so.2.1.2
7fa8f1396000-7fa8f1397000 r--p 00046000 08:09 3802324                    /usr/local/lib/libswscale.so.2.1.2
7fa8f1397000-7fa8f1398000 rw-p 00047000 08:09 3802324                    /usr/local/lib/libswscale.so.2.1.2
7fa8f1398000-7fa8f13bb000 r-xp 00000000 08:09 3802327                    /usr/local/lib/libavutil.so.53.3.0
7fa8f13bb000-7fa8f15bb000 ---p 00023000 08:09 3802327                    /usr/local/lib/libavutil.so.53.3.0
7fa8f15bb000-7fa8f15bd000 r--p 00023000 08:09 3802327                    /usr/local/lib/libavutil.so.53.3.0
7fa8f15bd000-7fa8f15be000 rw-p 00025000 08:09 3802327                    /usr/local/lib/libavutil.so.53.3.0
7fa8f15be000-7fa8f15c2000 rw-p 00000000 00:00 0 
7fa8f15c2000-7fa8f16e9000 r-xp 00000000 08:09 3802150                    /usr/local/lib/libavformat.so.55.12.0
7fa8f16e9000-7fa8f18e9000 ---p 00127000 08:09 3802150                    /usr/local/lib/libavformat.so.55.12.0
7fa8f18e9000-7fa8f18f2000 r--p 00127000 08:09 3802150                    /usr/local/lib/libavformat.so.55.12.0
7fa8f18f2000-7fa8f18ff000 rw-p 00130000 08:09 3802150                    /usr/local/lib/libavformat.so.55.12.0
7fa8f18ff000-7fa8f1fd3000 r-xp 00000000 08:09 3802306                    /usr/local/lib/libavcodec.so.55.34.1
7fa8f1fd3000-7fa8f21d3000 ---p 006d4000 08:09 3802306                    /usr/local/lib/libavcodec.so.55.34.1
7fa8f21d3000-7fa8f21e6000 r--p 006d4000 08:09 3802306                    /usr/lo